<?xml version="1.0" encoding="UTF-8"?>
<!-- Generated by org.testng.reporters.JUnitXMLReporter -->
<testsuite ignored="0" hostname="saurabhkumar14" failures="0" tests="6" name="Test" time="7.898" errors="0" timestamp="2020-12-30T14:06:06 IST">
  <testcase classname="Request.DeleteUserDetail" name="DeleteUserMethod" time="3.443"/>
  <testcase classname="Request.GetUser" name="GetNewUser" time="1.516"/>
  <testcase classname="Request.GetUser" name="GetNewUserNegative" time="0.49"/>
  <testcase classname="Request.CreateNewUser" name="CreateUser" time="0.479"/>
  <testcase classname="Request.UpdateUserDetails" name="UpdateUserdetails" time="1.446"/>
  <testcase classname="Request.UpdateUserDetails" name="UpdateUserdetailsNegative" time="0.477"/>
</testsuite> <!-- Test -->
