<?xml version="1.0" encoding="UTF-8"?>
<!-- Generated by org.testng.reporters.JUnitXMLReporter -->
<testsuite hostname="saurabhkumar14" ignored="0" name="Test" tests="6" failures="0" timestamp="2020-12-30T14:13:07 IST" time="7.677" errors="0">
  <testcase name="DeleteUserMethod" time="3.08" classname="Request.DeleteUserDetail"/>
  <testcase name="GetNewUser" time="1.528" classname="Request.GetUser"/>
  <testcase name="GetNewUserNegative" time="0.504" classname="Request.GetUser"/>
  <testcase name="CreateUser" time="0.539" classname="Request.CreateNewUser"/>
  <testcase name="UpdateUserdetails" time="1.52" classname="Request.UpdateUserDetails"/>
  <testcase name="UpdateUserdetailsNegative" time="0.475" classname="Request.UpdateUserDetails"/>
</testsuite> <!-- Test -->
