<?xml version="1.0" encoding="UTF-8"?>
<testsuite xmlns:xsi="http://www.w3.org/2001/XMLSchema-instance" xsi:noNamespaceSchemaLocation="https://maven.apache.org/surefire/maven-surefire-plugin/xsd/surefire-test-report-3.0.xsd" version="3.0" name="TestSuite" time="8.442" tests="6" errors="0" skipped="0" failures="0">
  <properties>
[...]
</properties>
  <testcase name="DeleteUserMethod" classname="Request.DeleteUserDetail" time="3.17">
    <system-out><![CDATA[HTTP/1.1 200 OK
Server: nginx
Date: Wed, 30 Dec 2020 08:43:01 GMT
Content-Type: application/json; charset=utf-8
Transfer-Encoding: chunked
Connection: keep-alive
Vary: Accept-Encoding
X-Frame-Options: SAMEORIGIN
X-XSS-Protection: 1; mode=block
X-Content-Type-Options: nosniff
X-Download-Options: noopen
X-Permitted-Cross-Domain-Policies: none
Referrer-Policy: strict-origin-when-cross-origin
Location: https://gorest.co.in/public-api/users/1493
ETag: W/"d982ef979bcd60401ac873c7943afd86"
Cache-Control: max-age=0, private, must-revalidate
X-Request-Id: a4d9e127-c72a-45af-909b-8a8bc4893477
X-Runtime: 0.015934
Strict-Transport-Security: max-age=31536000; includeSubDomains
Vary: Origin
X-Frame-Options: sameorigin
Expect-CT: enforce; max-age=3600
Content-Encoding: gzip

{
    "code": 201,
    "meta": null,
    "data": {
        "id": 1493,
        "name": "Saurabh",
        "email": "jcmnlyxzbj@gmail.com",
        "gender": "Male",
        "status": "Active",
        "created_at": "2020-12-30T14:13:01.529+05:30",
        "updated_at": "2020-12-30T14:13:01.529+05:30"
    }
}
Generated New Id: 1493
HTTP/1.1 200 OK
Server: nginx
Date: Wed, 30 Dec 2020 08:43:02 GMT
Content-Type: application/json; charset=utf-8
Transfer-Encoding: chunked
Connection: keep-alive
Vary: Accept-Encoding
X-Frame-Options: SAMEORIGIN
X-XSS-Protection: 1; mode=block
X-Content-Type-Options: nosniff
X-Download-Options: noopen
X-Permitted-Cross-Domain-Policies: none
Referrer-Policy: strict-origin-when-cross-origin
ETag: W/"9132bec7c413b5b015be1efe1c6efe72"
Cache-Control: max-age=0, private, must-revalidate
X-Request-Id: 5c8dad8e-b702-4271-836b-dbb4d0077e6b
X-Runtime: 0.021742
Strict-Transport-Security: max-age=31536000; includeSubDomains
Vary: Origin
X-Frame-Options: sameorigin
Expect-CT: enforce; max-age=3600
Content-Encoding: gzip

{
    "code": 204,
    "meta": null,
    "data": null
}
User is Deleted successfully
]]></system-out>
    <system-err><![CDATA[Dec 30, 2020 2:12:59 PM [Request.DeleteUserDetail]  invoke0
INFO: ------------------Deletion Of User's Data Begins------------------
Dec 30, 2020 2:12:59 PM [Request.CreateNewUser]  DeleteUserMethod
INFO: ------------------Creation Of New User Begins------------------
Dec 30, 2020 2:13:02 PM [Request.CreateNewUser]  DeleteUserMethod
INFO: ------------------Creation Of New User Ends------------------
Dec 30, 2020 2:13:02 PM [Request.DeleteUserDetail]  invoke0
INFO: ------------------Deletion Of User's Data Begins------------------
]]></system-err>
  </testcase>
  <testcase name="GetNewUser" classname="Request.GetUser" time="1.591">
    <system-out><![CDATA[HTTP/1.1 200 OK
Server: nginx
Date: Wed, 30 Dec 2020 08:43:03 GMT
Content-Type: application/json; charset=utf-8
Transfer-Encoding: chunked
Connection: keep-alive
Vary: Accept-Encoding
X-Frame-Options: SAMEORIGIN
X-XSS-Protection: 1; mode=block
X-Content-Type-Options: nosniff
X-Download-Options: noopen
X-Permitted-Cross-Domain-Policies: none
Referrer-Policy: strict-origin-when-cross-origin
Location: https://gorest.co.in/public-api/users/1494
ETag: W/"a468e9d365abb61a377a059e89278a01"
Cache-Control: max-age=0, private, must-revalidate
X-Request-Id: c757556e-4661-4456-88a4-40d22fc14039
X-Runtime: 0.019937
Strict-Transport-Security: max-age=31536000; includeSubDomains
Vary: Origin
X-Frame-Options: sameorigin
Expect-CT: enforce; max-age=3600
Content-Encoding: gzip

{
    "code": 201,
    "meta": null,
    "data": {
        "id": 1494,
        "name": "Saurabh",
        "email": "aafmmfbmvs@gmail.com",
        "gender": "Male",
        "status": "Active",
        "created_at": "2020-12-30T14:13:03.108+05:30",
        "updated_at": "2020-12-30T14:13:03.108+05:30"
    }
}
Generated New Id: 1494
User Id is: 1494
HTTP/1.1 200 OK
Server: nginx
Date: Wed, 30 Dec 2020 08:43:03 GMT
Content-Type: application/json; charset=utf-8
Transfer-Encoding: chunked
Connection: keep-alive
Vary: Accept-Encoding
X-Frame-Options: SAMEORIGIN
X-XSS-Protection: 1; mode=block
X-Content-Type-Options: nosniff
X-Download-Options: noopen
X-Permitted-Cross-Domain-Policies: none
Referrer-Policy: strict-origin-when-cross-origin
ETag: W/"75dde922bd5d9489429bfd0bf679107b"
Cache-Control: max-age=0, private, must-revalidate
X-Request-Id: 611e25fe-9e52-45dc-8ebd-4a55e09b545f
X-Runtime: 0.012897
Strict-Transport-Security: max-age=31536000; includeSubDomains
Vary: Origin
X-Frame-Options: sameorigin
Expect-CT: enforce; max-age=3600
Content-Encoding: gzip

{
    "code": 200,
    "meta": null,
    "data": {
        "id": 1494,
        "name": "Saurabh",
        "email": "aafmmfbmvs@gmail.com",
        "gender": "Male",
        "status": "Active",
        "created_at": "2020-12-30T14:13:03.108+05:30",
        "updated_at": "2020-12-30T14:13:03.108+05:30"
    }
}
User Name is : Saurabh
HTTP/1.1 200 OK
Server: nginx
Date: Wed, 30 Dec 2020 08:43:04 GMT
Content-Type: application/json; charset=utf-8
Transfer-Encoding: chunked
Connection: keep-alive
Vary: Accept-Encoding
X-Frame-Options: SAMEORIGIN
X-XSS-Protection: 1; mode=block
X-Content-Type-Options: nosniff
X-Download-Options: noopen
X-Permitted-Cross-Domain-Policies: none
Referrer-Policy: strict-origin-when-cross-origin
ETag: W/"9132bec7c413b5b015be1efe1c6efe72"
Cache-Control: max-age=0, private, must-revalidate
X-Request-Id: 0240fff3-3c85-4da5-a75c-a87d15f96e83
X-Runtime: 0.014956
Strict-Transport-Security: max-age=31536000; includeSubDomains
Vary: Origin
X-Frame-Options: sameorigin
Expect-CT: enforce; max-age=3600
Content-Encoding: gzip

{
    "code": 204,
    "meta": null,
    "data": null
}
]]></system-out>
    <system-err><![CDATA[Dec 30, 2020 2:13:02 PM [Request.CreateNewUser]  GetNewUser
INFO: ------------------Creation Of New User Begins------------------
Dec 30, 2020 2:13:03 PM [Request.CreateNewUser]  GetNewUser
INFO: ------------------Creation Of New User Ends------------------
Dec 30, 2020 2:13:03 PM [Request.GetUser]  invoke0
INFO: ------------------Getting Of User Begins------------------
Dec 30, 2020 2:13:04 PM [Request.GetUser]  invoke0
INFO: ------------------Creation Of New User Ends------------------
]]></system-err>
  </testcase>
  <testcase name="GetNewUserNegative" classname="Request.GetUser" time="0.409">
    <system-out><![CDATA[HTTP/1.1 200 OK
Server: nginx
Date: Wed, 30 Dec 2020 08:43:04 GMT
Content-Type: application/json; charset=utf-8
Transfer-Encoding: chunked
Connection: keep-alive
Vary: Accept-Encoding
X-Frame-Options: SAMEORIGIN
X-XSS-Protection: 1; mode=block
X-Content-Type-Options: nosniff
X-Download-Options: noopen
X-Permitted-Cross-Domain-Policies: none
Referrer-Policy: strict-origin-when-cross-origin
ETag: W/"b654e1cd0d3be5d471e57be8f71a8543"
Cache-Control: max-age=0, private, must-revalidate
X-Request-Id: 5dd45e54-4486-4184-84d4-0db94261d5a4
X-Runtime: 0.002396
Strict-Transport-Security: max-age=31536000; includeSubDomains
Vary: Origin
X-Frame-Options: sameorigin
Expect-CT: enforce; max-age=3600
Content-Encoding: gzip

{
    "code": 404,
    "meta": null,
    "data": {
        "message": "Resource not found"
    }
}
Status Code is: 404
]]></system-out>
    <system-err><![CDATA[Dec 30, 2020 2:13:04 PM [Request.GetUser]  invoke0
INFO: ------------------Getting Of User(Negative) Begins------------------
Dec 30, 2020 2:13:04 PM [Request.GetUser]  invoke0
INFO: ------------------Creation Of New User(Negative) Ends------------------
]]></system-err>
  </testcase>
  <testcase name="CreateUser" classname="Request.CreateNewUser" time="0.53">
    <system-out><![CDATA[HTTP/1.1 200 OK
Server: nginx
Date: Wed, 30 Dec 2020 08:43:05 GMT
Content-Type: application/json; charset=utf-8
Transfer-Encoding: chunked
Connection: keep-alive
Vary: Accept-Encoding
X-Frame-Options: SAMEORIGIN
X-XSS-Protection: 1; mode=block
X-Content-Type-Options: nosniff
X-Download-Options: noopen
X-Permitted-Cross-Domain-Policies: none
Referrer-Policy: strict-origin-when-cross-origin
Location: https://gorest.co.in/public-api/users/1495
ETag: W/"1a208a476e52b5f39ed708fe64948378"
Cache-Control: max-age=0, private, must-revalidate
X-Request-Id: c964fa85-5505-4dec-b5cc-e6b22b268810
X-Runtime: 0.017521
Strict-Transport-Security: max-age=31536000; includeSubDomains
Vary: Origin
X-Frame-Options: sameorigin
Expect-CT: enforce; max-age=3600
Content-Encoding: gzip

{
    "code": 201,
    "meta": null,
    "data": {
        "id": 1495,
        "name": "Saurabh",
        "email": "enihlqceaz@gmail.com",
        "gender": "Male",
        "status": "Active",
        "created_at": "2020-12-30T14:13:05.147+05:30",
        "updated_at": "2020-12-30T14:13:05.147+05:30"
    }
}
Generated New Id: 1495
]]></system-out>
    <system-err><![CDATA[Dec 30, 2020 2:13:04 PM [Request.CreateNewUser]  invoke0
INFO: ------------------Creation Of New User Begins------------------
Dec 30, 2020 2:13:05 PM [Request.CreateNewUser]  invoke0
INFO: ------------------Creation Of New User Ends------------------
]]></system-err>
  </testcase>
  <testcase name="UpdateUserdetails" classname="Request.UpdateUserDetails" time="1.61">
    <system-out><![CDATA[HTTP/1.1 200 OK
Server: nginx
Date: Wed, 30 Dec 2020 08:43:05 GMT
Content-Type: application/json; charset=utf-8
Transfer-Encoding: chunked
Connection: keep-alive
Vary: Accept-Encoding
X-Frame-Options: SAMEORIGIN
X-XSS-Protection: 1; mode=block
X-Content-Type-Options: nosniff
X-Download-Options: noopen
X-Permitted-Cross-Domain-Policies: none
Referrer-Policy: strict-origin-when-cross-origin
Location: https://gorest.co.in/public-api/users/1496
ETag: W/"6a998bacf6c95b8cb6da692c4e243034"
Cache-Control: max-age=0, private, must-revalidate
X-Request-Id: 222b6f63-cd95-4cd6-894a-70309b440878
X-Runtime: 0.015541
Strict-Transport-Security: max-age=31536000; includeSubDomains
Vary: Origin
X-Frame-Options: sameorigin
Expect-CT: enforce; max-age=3600
Content-Encoding: gzip

{
    "code": 201,
    "meta": null,
    "data": {
        "id": 1496,
        "name": "Saurabh",
        "email": "ucgzihpwav@gmail.com",
        "gender": "Male",
        "status": "Active",
        "created_at": "2020-12-30T14:13:05.656+05:30",
        "updated_at": "2020-12-30T14:13:05.656+05:30"
    }
}
Generated New Id: 1496
HTTP/1.1 200 OK
Server: nginx
Date: Wed, 30 Dec 2020 08:43:06 GMT
Content-Type: application/json; charset=utf-8
Transfer-Encoding: chunked
Connection: keep-alive
Vary: Accept-Encoding
X-Frame-Options: SAMEORIGIN
X-XSS-Protection: 1; mode=block
X-Content-Type-Options: nosniff
X-Download-Options: noopen
X-Permitted-Cross-Domain-Policies: none
Referrer-Policy: strict-origin-when-cross-origin
ETag: W/"0fc44597feadee7ae716ee8c73c14653"
Cache-Control: max-age=0, private, must-revalidate
X-Request-Id: 87f79f50-afac-4f42-ba47-a09399181f2d
X-Runtime: 0.008641
Strict-Transport-Security: max-age=31536000; includeSubDomains
Vary: Origin
X-Frame-Options: sameorigin
Expect-CT: enforce; max-age=3600
Content-Encoding: gzip

{
    "code": 200,
    "meta": null,
    "data": {
        "id": 1496,
        "email": "getnxkfame@gmail.com",
        "name": "Saurabh",
        "gender": "Male",
        "status": "Active",
        "created_at": "2020-12-30T14:13:05.656+05:30",
        "updated_at": "2020-12-30T14:13:06.175+05:30"
    }
}
Updated UserEmail: getnxkfame@gmail.com
HTTP/1.1 200 OK
Server: nginx
Date: Wed, 30 Dec 2020 08:43:06 GMT
Content-Type: application/json; charset=utf-8
Transfer-Encoding: chunked
Connection: keep-alive
Vary: Accept-Encoding
X-Frame-Options: SAMEORIGIN
X-XSS-Protection: 1; mode=block
X-Content-Type-Options: nosniff
X-Download-Options: noopen
X-Permitted-Cross-Domain-Policies: none
Referrer-Policy: strict-origin-when-cross-origin
ETag: W/"9132bec7c413b5b015be1efe1c6efe72"
Cache-Control: max-age=0, private, must-revalidate
X-Request-Id: b930ecc9-a125-4608-bc30-5af98784cc92
X-Runtime: 0.026837
Strict-Transport-Security: max-age=31536000; includeSubDomains
Vary: Origin
X-Frame-Options: sameorigin
Expect-CT: enforce; max-age=3600
Content-Encoding: gzip

{
    "code": 204,
    "meta": null,
    "data": null
}
]]></system-out>
    <system-err><![CDATA[Dec 30, 2020 2:13:05 PM [Request.CreateNewUser]  UpdateUserdetails
INFO: ------------------Creation Of New User Begins------------------
Dec 30, 2020 2:13:05 PM [Request.CreateNewUser]  UpdateUserdetails
INFO: ------------------Creation Of New User Ends------------------
Dec 30, 2020 2:13:05 PM [Request.UpdateUserDetails]  invoke0
INFO: ------------------Updation Of User's Data Begins------------------
Dec 30, 2020 2:13:06 PM [Request.UpdateUserDetails]  invoke0
INFO: ------------------Updation Of User's Data Ends------------------
]]></system-err>
  </testcase>
  <testcase name="UpdateUserdetailsNegative" classname="Request.UpdateUserDetails" time="0.394">
    <system-out><![CDATA[HTTP/1.1 200 OK
Server: nginx
Date: Wed, 30 Dec 2020 08:43:07 GMT
Content-Type: application/json; charset=utf-8
Transfer-Encoding: chunked
Connection: keep-alive
Vary: Accept-Encoding
X-Frame-Options: SAMEORIGIN
X-XSS-Protection: 1; mode=block
X-Content-Type-Options: nosniff
X-Download-Options: noopen
X-Permitted-Cross-Domain-Policies: none
Referrer-Policy: strict-origin-when-cross-origin
ETag: W/"251b3e10d77cb708e4c98810f585eac7"
Cache-Control: max-age=0, private, must-revalidate
X-Request-Id: 0d59e585-5d37-4260-b373-0a2f0de8a71b
X-Runtime: 0.008094
Strict-Transport-Security: max-age=31536000; includeSubDomains
Vary: Origin
X-Frame-Options: sameorigin
Expect-CT: enforce; max-age=3600
Content-Encoding: gzip

{
    "code": 422,
    "meta": null,
    "data": [
        {
            "field": "name",
            "message": "can't be blank"
        }
    ]
}
Status Code is : 422
]]></system-out>
    <system-err><![CDATA[Dec 30, 2020 2:13:06 PM [Request.UpdateUserDetails]  invoke0
INFO: ------------------Updation Of User's(Negative) Data Begins------------------
Dec 30, 2020 2:13:07 PM [Request.UpdateUserDetails]  invoke0
INFO: ------------------Updation Of User's(Negative) Data Ends------------------
]]></system-err>
  </testcase>
</testsuite>